Analysis & Synthesis report for lab7bonus_top
Fri Dec  6 04:53:37 2024
Quartus Prime Version 23.1std.1 Build 993 05/14/2024 SC Lite Edition


---------------------
; Table of Contents ;
---------------------
  1. Legal Notice
  2. Analysis & Synthesis Summary
  3. Analysis & Synthesis Settings
  4. Parallel Compilation
  5. Analysis & Synthesis Source Files Read
  6. Analysis & Synthesis Resource Usage Summary
  7. Analysis & Synthesis Resource Utilization by Entity
  8. Analysis & Synthesis RAM Summary
  9. Registers Removed During Synthesis
 10. General Register Statistics
 11. Registers Packed Into Inferred Megafunctions
 12. Multiplexer Restructuring Statistics (Restructuring Performed)
 13. Source assignments for ram:MEM|altsyncram:mem_rtl_0|altsyncram_vvr1:auto_generated
 14. Parameter Settings for User Entity Instance: ram:MEM
 15. Parameter Settings for User Entity Instance: cpu:CPU|register:U0
 16. Parameter Settings for User Entity Instance: cpu:CPU|register:U1
 17. Parameter Settings for User Entity Instance: cpu:CPU|datapath:DP|regfile:REGFILE|register:U0
 18. Parameter Settings for User Entity Instance: cpu:CPU|datapath:DP|regfile:REGFILE|register:U1
 19. Parameter Settings for User Entity Instance: cpu:CPU|datapath:DP|regfile:REGFILE|register:U2
 20. Parameter Settings for User Entity Instance: cpu:CPU|datapath:DP|regfile:REGFILE|register:U3
 21. Parameter Settings for User Entity Instance: cpu:CPU|datapath:DP|regfile:REGFILE|register:U4
 22. Parameter Settings for User Entity Instance: cpu:CPU|datapath:DP|regfile:REGFILE|register:U5
 23. Parameter Settings for User Entity Instance: cpu:CPU|datapath:DP|regfile:REGFILE|register:U6
 24. Parameter Settings for User Entity Instance: cpu:CPU|datapath:DP|regfile:REGFILE|register:U7
 25. Parameter Settings for User Entity Instance: cpu:CPU|datapath:DP|register:REG_A
 26. Parameter Settings for User Entity Instance: cpu:CPU|datapath:DP|register:REG_B
 27. Parameter Settings for User Entity Instance: cpu:CPU|datapath:DP|register:REG_C
 28. Parameter Settings for User Entity Instance: cpu:CPU|datapath:DP|register:REG_M
 29. Parameter Settings for User Entity Instance: cpu:CPU|datapath:DP|register:REG_S
 30. Parameter Settings for Inferred Entity Instance: ram:MEM|altsyncram:mem_rtl_0
 31. altsyncram Parameter Settings by Entity Instance
 32. Port Connectivity Checks: "disp:U4"
 33. Post-Synthesis Netlist Statistics for Top Partition
 34. Elapsed Time Per Partition
 35. Analysis & Synthesis Messages
 36. Analysis & Synthesis Suppressed Messages



----------------
; Legal Notice ;
----------------
Copyright (C) 2024  Intel Corporation. All rights reserved.
Your use of Intel Corporation's design tools, logic functions 
and other software and tools, and any partner logic 
functions, and any output files from any of the foregoing 
(including device programming or simulation files), and any 
associated documentation or information are expressly subject 
to the terms and conditions of the Intel Program License 
Subscription Agreement, the Intel Quartus Prime License Agreement,
the Intel FPGA IP License Agreement, or other applicable license
agreement, including, without limitation, that your use is for
the sole purpose of programming logic devices manufactured by
Intel and sold by Intel or its authorized distributors.  Please
refer to the applicable agreement for further details, at
https://fpgasoftware.intel.com/eula.



+----------------------------------------------------------------------------------+
; Analysis & Synthesis Summary                                                     ;
+---------------------------------+------------------------------------------------+
; Analysis & Synthesis Status     ; Successful - Fri Dec  6 04:53:37 2024          ;
; Quartus Prime Version           ; 23.1std.1 Build 993 05/14/2024 SC Lite Edition ;
; Revision Name                   ; lab7bonus_top                                  ;
; Top-level Entity Name           ; lab7bonus_top                                  ;
; Family                          ; Cyclone V                                      ;
; Logic utilization (in ALMs)     ; N/A                                            ;
; Total registers                 ; 216                                            ;
; Total pins                      ; 67                                             ;
; Total virtual pins              ; 0                                              ;
; Total block memory bits         ; 4,096                                          ;
; Total DSP Blocks                ; 0                                              ;
; Total HSSI RX PCSs              ; 0                                              ;
; Total HSSI PMA RX Deserializers ; 0                                              ;
; Total HSSI TX PCSs              ; 0                                              ;
; Total HSSI PMA TX Serializers   ; 0                                              ;
; Total PLLs                      ; 0                                              ;
; Total DLLs                      ; 0                                              ;
+---------------------------------+------------------------------------------------+


+---------------------------------------------------------------------------------------------------------------------------+
; Analysis & Synthesis Settings                                                                                             ;
+---------------------------------------------------------------------------------+--------------------+--------------------+
; Option                                                                          ; Setting            ; Default Value      ;
+---------------------------------------------------------------------------------+--------------------+--------------------+
; Device                                                                          ; 5CSEMA5F31C6       ;                    ;
; Top-level entity name                                                           ; lab7bonus_top      ; lab7bonus_top      ;
; Family name                                                                     ; Cyclone V          ; Cyclone V          ;
; Use smart compilation                                                           ; Off                ; Off                ;
; Enable parallel Assembler and Timing Analyzer during compilation                ; On                 ; On                 ;
; Enable compact report table                                                     ; Off                ; Off                ;
; Restructure Multiplexers                                                        ; Auto               ; Auto               ;
; MLAB Add Timing Constraints For Mixed-Port Feed-Through Mode Setting Don't Care ; Off                ; Off                ;
; Create Debugging Nodes for IP Cores                                             ; Off                ; Off                ;
; Preserve fewer node names                                                       ; On                 ; On                 ;
; Intel FPGA IP Evaluation Mode                                                   ; Enable             ; Enable             ;
; Verilog Version                                                                 ; Verilog_2001       ; Verilog_2001       ;
; VHDL Version                                                                    ; VHDL_1993          ; VHDL_1993          ;
; State Machine Processing                                                        ; Auto               ; Auto               ;
; Safe State Machine                                                              ; Off                ; Off                ;
; Extract Verilog State Machines                                                  ; On                 ; On                 ;
; Extract VHDL State Machines                                                     ; On                 ; On                 ;
; Ignore Verilog initial constructs                                               ; Off                ; Off                ;
; Iteration limit for constant Verilog loops                                      ; 5000               ; 5000               ;
; Iteration limit for non-constant Verilog loops                                  ; 250                ; 250                ;
; Add Pass-Through Logic to Inferred RAMs                                         ; On                 ; On                 ;
; Infer RAMs from Raw Logic                                                       ; On                 ; On                 ;
; Parallel Synthesis                                                              ; On                 ; On                 ;
; DSP Block Balancing                                                             ; Auto               ; Auto               ;
; NOT Gate Push-Back                                                              ; On                 ; On                 ;
; Power-Up Don't Care                                                             ; On                 ; On                 ;
; Remove Redundant Logic Cells                                                    ; Off                ; Off                ;
; Remove Duplicate Registers                                                      ; On                 ; On                 ;
; Ignore CARRY Buffers                                                            ; Off                ; Off                ;
; Ignore CASCADE Buffers                                                          ; Off                ; Off                ;
; Ignore GLOBAL Buffers                                                           ; Off                ; Off                ;
; Ignore ROW GLOBAL Buffers                                                       ; Off                ; Off                ;
; Ignore LCELL Buffers                                                            ; Off                ; Off                ;
; Ignore SOFT Buffers                                                             ; On                 ; On                 ;
; Limit AHDL Integers to 32 Bits                                                  ; Off                ; Off                ;
; Optimization Technique                                                          ; Balanced           ; Balanced           ;
; Carry Chain Length                                                              ; 70                 ; 70                 ;
; Auto Carry Chains                                                               ; On                 ; On                 ;
; Auto Open-Drain Pins                                                            ; On                 ; On                 ;
; Perform WYSIWYG Primitive Resynthesis                                           ; Off                ; Off                ;
; Auto ROM Replacement                                                            ; On                 ; On                 ;
; Auto RAM Replacement                                                            ; On                 ; On                 ;
; Auto DSP Block Replacement                                                      ; On                 ; On                 ;
; Auto Shift Register Replacement                                                 ; Auto               ; Auto               ;
; Allow Shift Register Merging across Hierarchies                                 ; Auto               ; Auto               ;
; Auto Clock Enable Replacement                                                   ; On                 ; On                 ;
; Strict RAM Replacement                                                          ; Off                ; Off                ;
; Allow Synchronous Control Signals                                               ; On                 ; On                 ;
; Force Use of Synchronous Clear Signals                                          ; Off                ; Off                ;
; Auto Resource Sharing                                                           ; Off                ; Off                ;
; Allow Any RAM Size For Recognition                                              ; Off                ; Off                ;
; Allow Any ROM Size For Recognition                                              ; Off                ; Off                ;
; Allow Any Shift Register Size For Recognition                                   ; Off                ; Off                ;
; Use LogicLock Constraints during Resource Balancing                             ; On                 ; On                 ;
; Ignore translate_off and synthesis_off directives                               ; Off                ; Off                ;
; Timing-Driven Synthesis                                                         ; On                 ; On                 ;
; Report Parameter Settings                                                       ; On                 ; On                 ;
; Report Source Assignments                                                       ; On                 ; On                 ;
; Report Connectivity Checks                                                      ; On                 ; On                 ;
; Ignore Maximum Fan-Out Assignments                                              ; Off                ; Off                ;
; Synchronization Register Chain Length                                           ; 3                  ; 3                  ;
; Power Optimization During Synthesis                                             ; Normal compilation ; Normal compilation ;
; HDL message level                                                               ; Level2             ; Level2             ;
; Suppress Register Optimization Related Messages                                 ; Off                ; Off                ;
; Number of Removed Registers Reported in Synthesis Report                        ; 5000               ; 5000               ;
; Number of Swept Nodes Reported in Synthesis Report                              ; 5000               ; 5000               ;
; Number of Inverted Registers Reported in Synthesis Report                       ; 100                ; 100                ;
; Clock MUX Protection                                                            ; On                 ; On                 ;
; Auto Gated Clock Conversion                                                     ; Off                ; Off                ;
; Block Design Naming                                                             ; Auto               ; Auto               ;
; SDC constraint protection                                                       ; Off                ; Off                ;
; Synthesis Effort                                                                ; Auto               ; Auto               ;
; Shift Register Replacement - Allow Asynchronous Clear Signal                    ; On                 ; On                 ;
; Pre-Mapping Resynthesis Optimization                                            ; Off                ; Off                ;
; Analysis & Synthesis Message Level                                              ; Medium             ; Medium             ;
; Disable Register Merging Across Hierarchies                                     ; Auto               ; Auto               ;
; Resource Aware Inference For Block RAM                                          ; On                 ; On                 ;
; Automatic Parallel Synthesis                                                    ; On                 ; On                 ;
; Partial Reconfiguration Bitstream ID                                            ; Off                ; Off                ;
+---------------------------------------------------------------------------------+--------------------+--------------------+


+------------------------------------------+
; Parallel Compilation                     ;
+----------------------------+-------------+
; Processors                 ; Number      ;
+----------------------------+-------------+
; Number detected on machine ; 8           ;
; Maximum allowed            ; 4           ;
;                            ;             ;
; Average used               ; 1.00        ;
; Maximum used               ; 4           ;
;                            ;             ;
; Usage by Processor         ; % Time Used ;
;     Processor 1            ; 100.0%      ;
;     Processor 2            ;   0.0%      ;
;     Processor 3            ;   0.0%      ;
;     Processor 4            ;   0.0%      ;
+----------------------------+-------------+


+---------------------------------------------------------------------------------------------------------------------------------------------------------------------------------------------------------------------------------------+
; Analysis & Synthesis Source Files Read                                                                                                                                                                                                ;
+--------------------------------------------+-----------------+-------------------------------------------------------+------------------------------------------------------------------------------------------------------+---------+
; File Name with User-Entered Path           ; Used in Netlist ; File Type                                             ; File Name with Absolute Path                                                                         ; Library ;
+--------------------------------------------+-----------------+-------------------------------------------------------+------------------------------------------------------------------------------------------------------+---------+
; lab7bonus_top.sv                           ; yes             ; User SystemVerilog HDL File                           ; C:/Users/Wardo/Documents/2025/CPEN211/Simple-Risc-Machine/lab7bonus_top.sv                           ;         ;
; statemachine.sv                            ; yes             ; User SystemVerilog HDL File                           ; C:/Users/Wardo/Documents/2025/CPEN211/Simple-Risc-Machine/statemachine.sv                            ;         ;
; shifter.sv                                 ; yes             ; User SystemVerilog HDL File                           ; C:/Users/Wardo/Documents/2025/CPEN211/Simple-Risc-Machine/shifter.sv                                 ;         ;
; regfile.sv                                 ; yes             ; User SystemVerilog HDL File                           ; C:/Users/Wardo/Documents/2025/CPEN211/Simple-Risc-Machine/regfile.sv                                 ;         ;
; datapath.sv                                ; yes             ; User SystemVerilog HDL File                           ; C:/Users/Wardo/Documents/2025/CPEN211/Simple-Risc-Machine/datapath.sv                                ;         ;
; cpu.sv                                     ; yes             ; User SystemVerilog HDL File                           ; C:/Users/Wardo/Documents/2025/CPEN211/Simple-Risc-Machine/cpu.sv                                     ;         ;
; alu.sv                                     ; yes             ; User SystemVerilog HDL File                           ; C:/Users/Wardo/Documents/2025/CPEN211/Simple-Risc-Machine/alu.sv                                     ;         ;
; altsyncram.tdf                             ; yes             ; Megafunction                                          ; c:/intelfpga_lite/23.1std/quartus/libraries/megafunctions/altsyncram.tdf                             ;         ;
; stratix_ram_block.inc                      ; yes             ; Megafunction                                          ; c:/intelfpga_lite/23.1std/quartus/libraries/megafunctions/stratix_ram_block.inc                      ;         ;
; lpm_mux.inc                                ; yes             ; Megafunction                                          ; c:/intelfpga_lite/23.1std/quartus/libraries/megafunctions/lpm_mux.inc                                ;         ;
; lpm_decode.inc                             ; yes             ; Megafunction                                          ; c:/intelfpga_lite/23.1std/quartus/libraries/megafunctions/lpm_decode.inc                             ;         ;
; aglobal231.inc                             ; yes             ; Megafunction                                          ; c:/intelfpga_lite/23.1std/quartus/libraries/megafunctions/aglobal231.inc                             ;         ;
; a_rdenreg.inc                              ; yes             ; Megafunction                                          ; c:/intelfpga_lite/23.1std/quartus/libraries/megafunctions/a_rdenreg.inc                              ;         ;
; altrom.inc                                 ; yes             ; Megafunction                                          ; c:/intelfpga_lite/23.1std/quartus/libraries/megafunctions/altrom.inc                                 ;         ;
; altram.inc                                 ; yes             ; Megafunction                                          ; c:/intelfpga_lite/23.1std/quartus/libraries/megafunctions/altram.inc                                 ;         ;
; altdpram.inc                               ; yes             ; Megafunction                                          ; c:/intelfpga_lite/23.1std/quartus/libraries/megafunctions/altdpram.inc                               ;         ;
; db/altsyncram_vvr1.tdf                     ; yes             ; Auto-Generated Megafunction                           ; C:/Users/Wardo/Documents/2025/CPEN211/Simple-Risc-Machine/db/altsyncram_vvr1.tdf                     ;         ;
; db/lab7bonus_top.ram0_ram_2f2e0d97.hdl.mif ; yes             ; Auto-Generated Auto-Found Memory Initialization File  ; C:/Users/Wardo/Documents/2025/CPEN211/Simple-Risc-Machine/db/lab7bonus_top.ram0_ram_2f2e0d97.hdl.mif ;         ;
+--------------------------------------------+-----------------+-------------------------------------------------------+------------------------------------------------------------------------------------------------------+---------+


+--------------------------------------------------------------+
; Analysis & Synthesis Resource Usage Summary                  ;
+---------------------------------------------+----------------+
; Resource                                    ; Usage          ;
+---------------------------------------------+----------------+
; Estimate of Logic utilization (ALMs needed) ; 229            ;
;                                             ;                ;
; Combinational ALUT usage for logic          ; 324            ;
;     -- 7 input functions                    ; 2              ;
;     -- 6 input functions                    ; 115            ;
;     -- 5 input functions                    ; 58             ;
;     -- 4 input functions                    ; 58             ;
;     -- <=3 input functions                  ; 91             ;
;                                             ;                ;
; Dedicated logic registers                   ; 216            ;
;                                             ;                ;
; I/O pins                                    ; 67             ;
; Total MLAB memory bits                      ; 0              ;
; Total block memory bits                     ; 4096           ;
;                                             ;                ;
; Total DSP Blocks                            ; 0              ;
;                                             ;                ;
; Maximum fan-out node                        ; CLOCK_50~input ;
; Maximum fan-out                             ; 232            ;
; Total fan-out                               ; 2462           ;
; Average fan-out                             ; 3.57           ;
+---------------------------------------------+----------------+


+------------------------------------------------------------------------------------------------------------------------------------------------------------------------------------------------------------------------------------------------------------------+
; Analysis & Synthesis Resource Utilization by Entity                                                                                                                                                                                                              ;
+-------------------------------------------+---------------------+---------------------------+-------------------+------------+------+--------------+----------------------------------------------------------------------------+-----------------+--------------+
; Compilation Hierarchy Node                ; Combinational ALUTs ; Dedicated Logic Registers ; Block Memory Bits ; DSP Blocks ; Pins ; Virtual Pins ; Full Hierarchy Name                                                        ; Entity Name     ; Library Name ;
+-------------------------------------------+---------------------+---------------------------+-------------------+------------+------+--------------+----------------------------------------------------------------------------+-----------------+--------------+
; |lab7bonus_top                            ; 324 (2)             ; 216 (0)                   ; 4096              ; 0          ; 67   ; 0            ; |lab7bonus_top                                                             ; lab7bonus_top   ; work         ;
;    |cpu:CPU|                              ; 287 (40)            ; 216 (0)                   ; 0                 ; 0          ; 0    ; 0            ; |lab7bonus_top|cpu:CPU                                                     ; cpu             ; work         ;
;       |datapath:DP|                       ; 201 (38)            ; 188 (0)                   ; 0                 ; 0          ; 0    ; 0            ; |lab7bonus_top|cpu:CPU|datapath:DP                                         ; datapath        ; work         ;
;          |ALU:U1|                         ; 56 (56)             ; 0 (0)                     ; 0                 ; 0          ; 0    ; 0            ; |lab7bonus_top|cpu:CPU|datapath:DP|ALU:U1                                  ; ALU             ; work         ;
;          |regfile:REGFILE|                ; 105 (105)           ; 128 (0)                   ; 0                 ; 0          ; 0    ; 0            ; |lab7bonus_top|cpu:CPU|datapath:DP|regfile:REGFILE                         ; regfile         ; work         ;
;             |register:U0|                 ; 0 (0)               ; 16 (16)                   ; 0                 ; 0          ; 0    ; 0            ; |lab7bonus_top|cpu:CPU|datapath:DP|regfile:REGFILE|register:U0             ; register        ; work         ;
;             |register:U1|                 ; 0 (0)               ; 16 (16)                   ; 0                 ; 0          ; 0    ; 0            ; |lab7bonus_top|cpu:CPU|datapath:DP|regfile:REGFILE|register:U1             ; register        ; work         ;
;             |register:U2|                 ; 0 (0)               ; 16 (16)                   ; 0                 ; 0          ; 0    ; 0            ; |lab7bonus_top|cpu:CPU|datapath:DP|regfile:REGFILE|register:U2             ; register        ; work         ;
;             |register:U3|                 ; 0 (0)               ; 16 (16)                   ; 0                 ; 0          ; 0    ; 0            ; |lab7bonus_top|cpu:CPU|datapath:DP|regfile:REGFILE|register:U3             ; register        ; work         ;
;             |register:U4|                 ; 0 (0)               ; 16 (16)                   ; 0                 ; 0          ; 0    ; 0            ; |lab7bonus_top|cpu:CPU|datapath:DP|regfile:REGFILE|register:U4             ; register        ; work         ;
;             |register:U5|                 ; 0 (0)               ; 16 (16)                   ; 0                 ; 0          ; 0    ; 0            ; |lab7bonus_top|cpu:CPU|datapath:DP|regfile:REGFILE|register:U5             ; register        ; work         ;
;             |register:U6|                 ; 0 (0)               ; 16 (16)                   ; 0                 ; 0          ; 0    ; 0            ; |lab7bonus_top|cpu:CPU|datapath:DP|regfile:REGFILE|register:U6             ; register        ; work         ;
;             |register:U7|                 ; 0 (0)               ; 16 (16)                   ; 0                 ; 0          ; 0    ; 0            ; |lab7bonus_top|cpu:CPU|datapath:DP|regfile:REGFILE|register:U7             ; register        ; work         ;
;          |register:REG_A|                 ; 0 (0)               ; 16 (16)                   ; 0                 ; 0          ; 0    ; 0            ; |lab7bonus_top|cpu:CPU|datapath:DP|register:REG_A                          ; register        ; work         ;
;          |register:REG_B|                 ; 0 (0)               ; 16 (16)                   ; 0                 ; 0          ; 0    ; 0            ; |lab7bonus_top|cpu:CPU|datapath:DP|register:REG_B                          ; register        ; work         ;
;          |register:REG_C|                 ; 0 (0)               ; 16 (16)                   ; 0                 ; 0          ; 0    ; 0            ; |lab7bonus_top|cpu:CPU|datapath:DP|register:REG_C                          ; register        ; work         ;
;          |register:REG_M|                 ; 0 (0)               ; 9 (9)                     ; 0                 ; 0          ; 0    ; 0            ; |lab7bonus_top|cpu:CPU|datapath:DP|register:REG_M                          ; register        ; work         ;
;          |register:REG_S|                 ; 0 (0)               ; 3 (3)                     ; 0                 ; 0          ; 0    ; 0            ; |lab7bonus_top|cpu:CPU|datapath:DP|register:REG_S                          ; register        ; work         ;
;          |shifter:U0|                     ; 2 (2)               ; 0 (0)                     ; 0                 ; 0          ; 0    ; 0            ; |lab7bonus_top|cpu:CPU|datapath:DP|shifter:U0                              ; shifter         ; work         ;
;       |register:U0|                       ; 0 (0)               ; 16 (16)                   ; 0                 ; 0          ; 0    ; 0            ; |lab7bonus_top|cpu:CPU|register:U0                                         ; register        ; work         ;
;       |register:U1|                       ; 4 (4)               ; 9 (9)                     ; 0                 ; 0          ; 0    ; 0            ; |lab7bonus_top|cpu:CPU|register:U1                                         ; register        ; work         ;
;       |statemachine:FSM|                  ; 42 (42)             ; 3 (3)                     ; 0                 ; 0          ; 0    ; 0            ; |lab7bonus_top|cpu:CPU|statemachine:FSM                                    ; statemachine    ; work         ;
;    |disp:U0|                              ; 7 (7)               ; 0 (0)                     ; 0                 ; 0          ; 0    ; 0            ; |lab7bonus_top|disp:U0                                                     ; disp            ; work         ;
;    |disp:U1|                              ; 7 (7)               ; 0 (0)                     ; 0                 ; 0          ; 0    ; 0            ; |lab7bonus_top|disp:U1                                                     ; disp            ; work         ;
;    |disp:U2|                              ; 7 (7)               ; 0 (0)                     ; 0                 ; 0          ; 0    ; 0            ; |lab7bonus_top|disp:U2                                                     ; disp            ; work         ;
;    |disp:U3|                              ; 7 (7)               ; 0 (0)                     ; 0                 ; 0          ; 0    ; 0            ; |lab7bonus_top|disp:U3                                                     ; disp            ; work         ;
;    |disp:U4|                              ; 7 (7)               ; 0 (0)                     ; 0                 ; 0          ; 0    ; 0            ; |lab7bonus_top|disp:U4                                                     ; disp            ; work         ;
;    |ram:MEM|                              ; 0 (0)               ; 0 (0)                     ; 4096              ; 0          ; 0    ; 0            ; |lab7bonus_top|ram:MEM                                                     ; ram             ; work         ;
;       |altsyncram:mem_rtl_0|              ; 0 (0)               ; 0 (0)                     ; 4096              ; 0          ; 0    ; 0            ; |lab7bonus_top|ram:MEM|altsyncram:mem_rtl_0                                ; altsyncram      ; work         ;
;          |altsyncram_vvr1:auto_generated| ; 0 (0)               ; 0 (0)                     ; 4096              ; 0          ; 0    ; 0            ; |lab7bonus_top|ram:MEM|altsyncram:mem_rtl_0|altsyncram_vvr1:auto_generated ; altsyncram_vvr1 ; work         ;
+-------------------------------------------+---------------------+---------------------------+-------------------+------------+------+--------------+----------------------------------------------------------------------------+-----------------+--------------+
Note: For table entries with two numbers listed, the numbers in parentheses indicate the number of resources of the given type used by the specific entity alone. The numbers listed outside of parentheses indicate the total resources of the given type used by the specific entity and all of its sub-entities in the hierarchy.


+------------------------------------------------------------------------------------------------------------------------------------------------------------------------------------------------------------------+
; Analysis & Synthesis RAM Summary                                                                                                                                                                                 ;
+------------------------------------------------------------------------+------+------------------+--------------+--------------+--------------+--------------+------+--------------------------------------------+
; Name                                                                   ; Type ; Mode             ; Port A Depth ; Port A Width ; Port B Depth ; Port B Width ; Size ; MIF                                        ;
+------------------------------------------------------------------------+------+------------------+--------------+--------------+--------------+--------------+------+--------------------------------------------+
; ram:MEM|altsyncram:mem_rtl_0|altsyncram_vvr1:auto_generated|ALTSYNCRAM ; AUTO ; Simple Dual Port ; 256          ; 16           ; 256          ; 16           ; 4096 ; db/lab7bonus_top.ram0_ram_2f2e0d97.hdl.mif ;
+------------------------------------------------------------------------+------+------------------+--------------+--------------+--------------+--------------+------+--------------------------------------------+


+--------------------------------------------------------------------------------+
; Registers Removed During Synthesis                                             ;
+---------------------------------------+----------------------------------------+
; Register name                         ; Reason for Removal                     ;
+---------------------------------------+----------------------------------------+
; cpu:CPU|statemachine:FSM|state[3]     ; Stuck at GND due to stuck port data_in ;
; Total Number of Removed Registers = 1 ;                                        ;
+---------------------------------------+----------------------------------------+


+------------------------------------------------------+
; General Register Statistics                          ;
+----------------------------------------------+-------+
; Statistic                                    ; Value ;
+----------------------------------------------+-------+
; Total registers                              ; 216   ;
; Number of registers using Synchronous Clear  ; 9     ;
; Number of registers using Synchronous Load   ; 16    ;
; Number of registers using Asynchronous Clear ; 0     ;
; Number of registers using Asynchronous Load  ; 0     ;
; Number of registers using Clock Enable       ; 213   ;
; Number of registers using Preset             ; 0     ;
+----------------------------------------------+-------+


+------------------------------------------------+
; Registers Packed Into Inferred Megafunctions   ;
+---------------------+-------------------+------+
; Register Name       ; Megafunction      ; Type ;
+---------------------+-------------------+------+
; ram:MEM|dout[0..15] ; ram:MEM|mem_rtl_0 ; RAM  ;
+---------------------+-------------------+------+


+-------------------------------------------------------------------------------------------------------------------------------------------------------------------------+
; Multiplexer Restructuring Statistics (Restructuring Performed)                                                                                                          ;
+--------------------+-----------+---------------+----------------------+------------------------+------------+-----------------------------------------------------------+
; Multiplexer Inputs ; Bus Width ; Baseline Area ; Area if Restructured ; Saving if Restructured ; Registered ; Example Multiplexer Output                                ;
+--------------------+-----------+---------------+----------------------+------------------------+------------+-----------------------------------------------------------+
; 8:1                ; 16 bits   ; 80 LEs        ; 80 LEs               ; 0 LEs                  ; Yes        ; |lab7bonus_top|cpu:CPU|datapath:DP|register:REG_A|out[12] ;
; 75:1               ; 9 bits    ; 450 LEs       ; 18 LEs               ; 432 LEs                ; Yes        ; |lab7bonus_top|cpu:CPU|register:U1|out[8]                 ;
; 1:1                ; 3 bits    ; 0 LEs         ; 0 LEs                ; 0 LEs                  ; No         ; |lab7bonus_top|cpu:CPU|Mux15                              ;
; 4:1                ; 16 bits   ; 32 LEs        ; 32 LEs               ; 0 LEs                  ; No         ; |lab7bonus_top|cpu:CPU|datapath:DP|ALU:U1|Mux12           ;
; 5:1                ; 14 bits   ; 42 LEs        ; 28 LEs               ; 14 LEs                 ; No         ; |lab7bonus_top|cpu:CPU|datapath:DP|bin[13]                ;
; 8:1                ; 16 bits   ; 80 LEs        ; 80 LEs               ; 0 LEs                  ; No         ; |lab7bonus_top|cpu:CPU|datapath:DP|regfile:REGFILE|Mux27  ;
; 4:1                ; 9 bits    ; 18 LEs        ; 18 LEs               ; 0 LEs                  ; No         ; |lab7bonus_top|cpu:CPU|datapath:DP|data_in[4]             ;
; 4:1                ; 7 bits    ; 14 LEs        ; 14 LEs               ; 0 LEs                  ; No         ; |lab7bonus_top|cpu:CPU|datapath:DP|data_in[10]            ;
+--------------------+-----------+---------------+----------------------+------------------------+------------+-----------------------------------------------------------+


+------------------------------------------------------------------------------------+
; Source assignments for ram:MEM|altsyncram:mem_rtl_0|altsyncram_vvr1:auto_generated ;
+---------------------------------+--------------------+------+----------------------+
; Assignment                      ; Value              ; From ; To                   ;
+---------------------------------+--------------------+------+----------------------+
; OPTIMIZE_POWER_DURING_SYNTHESIS ; NORMAL_COMPILATION ; -    ; -                    ;
+---------------------------------+--------------------+------+----------------------+


+--------------------------------------------------------+
; Parameter Settings for User Entity Instance: ram:MEM   ;
+----------------+----------------------+----------------+
; Parameter Name ; Value                ; Type           ;
+----------------+----------------------+----------------+
; data_width     ; 16                   ; Signed Integer ;
; addr_width     ; 8                    ; Signed Integer ;
; filename       ; data_lab8_stage2.txt ; String         ;
+----------------+----------------------+----------------+
Note: In order to hide this table in the UI and the text report file, please set the "Show Parameter Settings in Synthesis Report" option in "Analysis and Synthesis Settings -> More Settings" to "Off".


+------------------------------------------------------------------+
; Parameter Settings for User Entity Instance: cpu:CPU|register:U0 ;
+----------------+-------+-----------------------------------------+
; Parameter Name ; Value ; Type                                    ;
+----------------+-------+-----------------------------------------+
; n              ; 16    ; Signed Integer                          ;
+----------------+-------+-----------------------------------------+
Note: In order to hide this table in the UI and the text report file, please set the "Show Parameter Settings in Synthesis Report" option in "Analysis and Synthesis Settings -> More Settings" to "Off".


+------------------------------------------------------------------+
; Parameter Settings for User Entity Instance: cpu:CPU|register:U1 ;
+----------------+-------+-----------------------------------------+
; Parameter Name ; Value ; Type                                    ;
+----------------+-------+-----------------------------------------+
; n              ; 9     ; Signed Integer                          ;
+----------------+-------+-----------------------------------------+
Note: In order to hide this table in the UI and the text report file, please set the "Show Parameter Settings in Synthesis Report" option in "Analysis and Synthesis Settings -> More Settings" to "Off".


+----------------------------------------------------------------------------------------------+
; Parameter Settings for User Entity Instance: cpu:CPU|datapath:DP|regfile:REGFILE|register:U0 ;
+----------------+-------+---------------------------------------------------------------------+
; Parameter Name ; Value ; Type                                                                ;
+----------------+-------+---------------------------------------------------------------------+
; n              ; 16    ; Signed Integer                                                      ;
+----------------+-------+---------------------------------------------------------------------+
Note: In order to hide this table in the UI and the text report file, please set the "Show Parameter Settings in Synthesis Report" option in "Analysis and Synthesis Settings -> More Settings" to "Off".


+----------------------------------------------------------------------------------------------+
; Parameter Settings for User Entity Instance: cpu:CPU|datapath:DP|regfile:REGFILE|register:U1 ;
+----------------+-------+---------------------------------------------------------------------+
; Parameter Name ; Value ; Type                                                                ;
+----------------+-------+---------------------------------------------------------------------+
; n              ; 16    ; Signed Integer                                                      ;
+----------------+-------+---------------------------------------------------------------------+
Note: In order to hide this table in the UI and the text report file, please set the "Show Parameter Settings in Synthesis Report" option in "Analysis and Synthesis Settings -> More Settings" to "Off".


+----------------------------------------------------------------------------------------------+
; Parameter Settings for User Entity Instance: cpu:CPU|datapath:DP|regfile:REGFILE|register:U2 ;
+----------------+-------+---------------------------------------------------------------------+
; Parameter Name ; Value ; Type                                                                ;
+----------------+-------+---------------------------------------------------------------------+
; n              ; 16    ; Signed Integer                                                      ;
+----------------+-------+---------------------------------------------------------------------+
Note: In order to hide this table in the UI and the text report file, please set the "Show Parameter Settings in Synthesis Report" option in "Analysis and Synthesis Settings -> More Settings" to "Off".


+----------------------------------------------------------------------------------------------+
; Parameter Settings for User Entity Instance: cpu:CPU|datapath:DP|regfile:REGFILE|register:U3 ;
+----------------+-------+---------------------------------------------------------------------+
; Parameter Name ; Value ; Type                                                                ;
+----------------+-------+---------------------------------------------------------------------+
; n              ; 16    ; Signed Integer                                                      ;
+----------------+-------+---------------------------------------------------------------------+
Note: In order to hide this table in the UI and the text report file, please set the "Show Parameter Settings in Synthesis Report" option in "Analysis and Synthesis Settings -> More Settings" to "Off".


+----------------------------------------------------------------------------------------------+
; Parameter Settings for User Entity Instance: cpu:CPU|datapath:DP|regfile:REGFILE|register:U4 ;
+----------------+-------+---------------------------------------------------------------------+
; Parameter Name ; Value ; Type                                                                ;
+----------------+-------+---------------------------------------------------------------------+
; n              ; 16    ; Signed Integer                                                      ;
+----------------+-------+---------------------------------------------------------------------+
Note: In order to hide this table in the UI and the text report file, please set the "Show Parameter Settings in Synthesis Report" option in "Analysis and Synthesis Settings -> More Settings" to "Off".


+----------------------------------------------------------------------------------------------+
; Parameter Settings for User Entity Instance: cpu:CPU|datapath:DP|regfile:REGFILE|register:U5 ;
+----------------+-------+---------------------------------------------------------------------+
; Parameter Name ; Value ; Type                                                                ;
+----------------+-------+---------------------------------------------------------------------+
; n              ; 16    ; Signed Integer                                                      ;
+----------------+-------+---------------------------------------------------------------------+
Note: In order to hide this table in the UI and the text report file, please set the "Show Parameter Settings in Synthesis Report" option in "Analysis and Synthesis Settings -> More Settings" to "Off".


+----------------------------------------------------------------------------------------------+
; Parameter Settings for User Entity Instance: cpu:CPU|datapath:DP|regfile:REGFILE|register:U6 ;
+----------------+-------+---------------------------------------------------------------------+
; Parameter Name ; Value ; Type                                                                ;
+----------------+-------+---------------------------------------------------------------------+
; n              ; 16    ; Signed Integer                                                      ;
+----------------+-------+---------------------------------------------------------------------+
Note: In order to hide this table in the UI and the text report file, please set the "Show Parameter Settings in Synthesis Report" option in "Analysis and Synthesis Settings -> More Settings" to "Off".


+----------------------------------------------------------------------------------------------+
; Parameter Settings for User Entity Instance: cpu:CPU|datapath:DP|regfile:REGFILE|register:U7 ;
+----------------+-------+---------------------------------------------------------------------+
; Parameter Name ; Value ; Type                                                                ;
+----------------+-------+---------------------------------------------------------------------+
; n              ; 16    ; Signed Integer                                                      ;
+----------------+-------+---------------------------------------------------------------------+
Note: In order to hide this table in the UI and the text report file, please set the "Show Parameter Settings in Synthesis Report" option in "Analysis and Synthesis Settings -> More Settings" to "Off".


+---------------------------------------------------------------------------------+
; Parameter Settings for User Entity Instance: cpu:CPU|datapath:DP|register:REG_A ;
+----------------+-------+--------------------------------------------------------+
; Parameter Name ; Value ; Type                                                   ;
+----------------+-------+--------------------------------------------------------+
; n              ; 16    ; Signed Integer                                         ;
+----------------+-------+--------------------------------------------------------+
Note: In order to hide this table in the UI and the text report file, please set the "Show Parameter Settings in Synthesis Report" option in "Analysis and Synthesis Settings -> More Settings" to "Off".


+---------------------------------------------------------------------------------+
; Parameter Settings for User Entity Instance: cpu:CPU|datapath:DP|register:REG_B ;
+----------------+-------+--------------------------------------------------------+
; Parameter Name ; Value ; Type                                                   ;
+----------------+-------+--------------------------------------------------------+
; n              ; 16    ; Signed Integer                                         ;
+----------------+-------+--------------------------------------------------------+
Note: In order to hide this table in the UI and the text report file, please set the "Show Parameter Settings in Synthesis Report" option in "Analysis and Synthesis Settings -> More Settings" to "Off".


+---------------------------------------------------------------------------------+
; Parameter Settings for User Entity Instance: cpu:CPU|datapath:DP|register:REG_C ;
+----------------+-------+--------------------------------------------------------+
; Parameter Name ; Value ; Type                                                   ;
+----------------+-------+--------------------------------------------------------+
; n              ; 16    ; Signed Integer                                         ;
+----------------+-------+--------------------------------------------------------+
Note: In order to hide this table in the UI and the text report file, please set the "Show Parameter Settings in Synthesis Report" option in "Analysis and Synthesis Settings -> More Settings" to "Off".


+---------------------------------------------------------------------------------+
; Parameter Settings for User Entity Instance: cpu:CPU|datapath:DP|register:REG_M ;
+----------------+-------+--------------------------------------------------------+
; Parameter Name ; Value ; Type                                                   ;
+----------------+-------+--------------------------------------------------------+
; n              ; 9     ; Signed Integer                                         ;
+----------------+-------+--------------------------------------------------------+
Note: In order to hide this table in the UI and the text report file, please set the "Show Parameter Settings in Synthesis Report" option in "Analysis and Synthesis Settings -> More Settings" to "Off".


+---------------------------------------------------------------------------------+
; Parameter Settings for User Entity Instance: cpu:CPU|datapath:DP|register:REG_S ;
+----------------+-------+--------------------------------------------------------+
; Parameter Name ; Value ; Type                                                   ;
+----------------+-------+--------------------------------------------------------+
; n              ; 3     ; Signed Integer                                         ;
+----------------+-------+--------------------------------------------------------+
Note: In order to hide this table in the UI and the text report file, please set the "Show Parameter Settings in Synthesis Report" option in "Analysis and Synthesis Settings -> More Settings" to "Off".


+--------------------------------------------------------------------------------------------------+
; Parameter Settings for Inferred Entity Instance: ram:MEM|altsyncram:mem_rtl_0                    ;
+------------------------------------+--------------------------------------------+----------------+
; Parameter Name                     ; Value                                      ; Type           ;
+------------------------------------+--------------------------------------------+----------------+
; BYTE_SIZE_BLOCK                    ; 8                                          ; Untyped        ;
; AUTO_CARRY_CHAINS                  ; ON                                         ; AUTO_CARRY     ;
; IGNORE_CARRY_BUFFERS               ; OFF                                        ; IGNORE_CARRY   ;
; AUTO_CASCADE_CHAINS                ; ON                                         ; AUTO_CASCADE   ;
; IGNORE_CASCADE_BUFFERS             ; OFF                                        ; IGNORE_CASCADE ;
; WIDTH_BYTEENA                      ; 1                                          ; Untyped        ;
; OPERATION_MODE                     ; DUAL_PORT                                  ; Untyped        ;
; WIDTH_A                            ; 16                                         ; Untyped        ;
; WIDTHAD_A                          ; 8                                          ; Untyped        ;
; NUMWORDS_A                         ; 256                                        ; Untyped        ;
; OUTDATA_REG_A                      ; UNREGISTERED                               ; Untyped        ;
; ADDRESS_ACLR_A                     ; NONE                                       ; Untyped        ;
; OUTDATA_ACLR_A                     ; NONE                                       ; Untyped        ;
; WRCONTROL_ACLR_A                   ; NONE                                       ; Untyped        ;
; INDATA_ACLR_A                      ; NONE                                       ; Untyped        ;
; BYTEENA_ACLR_A                     ; NONE                                       ; Untyped        ;
; WIDTH_B                            ; 16                                         ; Untyped        ;
; WIDTHAD_B                          ; 8                                          ; Untyped        ;
; NUMWORDS_B                         ; 256                                        ; Untyped        ;
; INDATA_REG_B                       ; CLOCK1                                     ; Untyped        ;
; WRCONTROL_WRADDRESS_REG_B          ; CLOCK1                                     ; Untyped        ;
; RDCONTROL_REG_B                    ; CLOCK1                                     ; Untyped        ;
; ADDRESS_REG_B                      ; CLOCK0                                     ; Untyped        ;
; OUTDATA_REG_B                      ; UNREGISTERED                               ; Untyped        ;
; BYTEENA_REG_B                      ; CLOCK1                                     ; Untyped        ;
; INDATA_ACLR_B                      ; NONE                                       ; Untyped        ;
; WRCONTROL_ACLR_B                   ; NONE                                       ; Untyped        ;
; ADDRESS_ACLR_B                     ; NONE                                       ; Untyped        ;
; OUTDATA_ACLR_B                     ; NONE                                       ; Untyped        ;
; RDCONTROL_ACLR_B                   ; NONE                                       ; Untyped        ;
; BYTEENA_ACLR_B                     ; NONE                                       ; Untyped        ;
; WIDTH_BYTEENA_A                    ; 1                                          ; Untyped        ;
; WIDTH_BYTEENA_B                    ; 1                                          ; Untyped        ;
; RAM_BLOCK_TYPE                     ; AUTO                                       ; Untyped        ;
; BYTE_SIZE                          ; 8                                          ; Untyped        ;
; READ_DURING_WRITE_MODE_MIXED_PORTS ; OLD_DATA                                   ; Untyped        ;
; READ_DURING_WRITE_MODE_PORT_A      ; NEW_DATA_NO_NBE_READ                       ; Untyped        ;
; READ_DURING_WRITE_MODE_PORT_B      ; NEW_DATA_NO_NBE_READ                       ; Untyped        ;
; INIT_FILE                          ; db/lab7bonus_top.ram0_ram_2f2e0d97.hdl.mif ; Untyped        ;
; INIT_FILE_LAYOUT                   ; PORT_A                                     ; Untyped        ;
; MAXIMUM_DEPTH                      ; 0                                          ; Untyped        ;
; CLOCK_ENABLE_INPUT_A               ; NORMAL                                     ; Untyped        ;
; CLOCK_ENABLE_INPUT_B               ; NORMAL                                     ; Untyped        ;
; CLOCK_ENABLE_OUTPUT_A              ; NORMAL                                     ; Untyped        ;
; CLOCK_ENABLE_OUTPUT_B              ; NORMAL                                     ; Untyped        ;
; CLOCK_ENABLE_CORE_A                ; USE_INPUT_CLKEN                            ; Untyped        ;
; CLOCK_ENABLE_CORE_B                ; USE_INPUT_CLKEN                            ; Untyped        ;
; ENABLE_ECC                         ; FALSE                                      ; Untyped        ;
; ECC_PIPELINE_STAGE_ENABLED         ; FALSE                                      ; Untyped        ;
; WIDTH_ECCSTATUS                    ; 3                                          ; Untyped        ;
; DEVICE_FAMILY                      ; Cyclone V                                  ; Untyped        ;
; CBXI_PARAMETER                     ; altsyncram_vvr1                            ; Untyped        ;
+------------------------------------+--------------------------------------------+----------------+
Note: In order to hide this table in the UI and the text report file, please set the "Show Parameter Settings in Synthesis Report" option in "Analysis and Synthesis Settings -> More Settings" to "Off".


+--------------------------------------------------------------------------+
; altsyncram Parameter Settings by Entity Instance                         ;
+-------------------------------------------+------------------------------+
; Name                                      ; Value                        ;
+-------------------------------------------+------------------------------+
; Number of entity instances                ; 1                            ;
; Entity Instance                           ; ram:MEM|altsyncram:mem_rtl_0 ;
;     -- OPERATION_MODE                     ; DUAL_PORT                    ;
;     -- WIDTH_A                            ; 16                           ;
;     -- NUMWORDS_A                         ; 256                          ;
;     -- OUTDATA_REG_A                      ; UNREGISTERED                 ;
;     -- WIDTH_B                            ; 16                           ;
;     -- NUMWORDS_B                         ; 256                          ;
;     -- ADDRESS_REG_B                      ; CLOCK0                       ;
;     -- OUTDATA_REG_B                      ; UNREGISTERED                 ;
;     -- RAM_BLOCK_TYPE                     ; AUTO                         ;
;     -- READ_DURING_WRITE_MODE_MIXED_PORTS ; OLD_DATA                     ;
+-------------------------------------------+------------------------------+


+-----------------------------------------+
; Port Connectivity Checks: "disp:U4"     ;
+-------+-------+----------+--------------+
; Port  ; Type  ; Severity ; Details      ;
+-------+-------+----------+--------------+
; in[3] ; Input ; Info     ; Stuck at GND ;
+-------+-------+----------+--------------+


+-----------------------------------------------------+
; Post-Synthesis Netlist Statistics for Top Partition ;
+-----------------------+-----------------------------+
; Type                  ; Count                       ;
+-----------------------+-----------------------------+
; arriav_ff             ; 216                         ;
;     ENA               ; 188                         ;
;     ENA SCLR          ; 9                           ;
;     ENA SLD           ; 16                          ;
;     plain             ; 3                           ;
; arriav_lcell_comb     ; 329                         ;
;     arith             ; 35                          ;
;         1 data inputs ; 10                          ;
;         2 data inputs ; 9                           ;
;         4 data inputs ; 14                          ;
;         5 data inputs ; 2                           ;
;     extend            ; 2                           ;
;         7 data inputs ; 2                           ;
;     normal            ; 292                         ;
;         0 data inputs ; 1                           ;
;         1 data inputs ; 5                           ;
;         2 data inputs ; 3                           ;
;         3 data inputs ; 68                          ;
;         4 data inputs ; 44                          ;
;         5 data inputs ; 56                          ;
;         6 data inputs ; 115                         ;
; boundary_port         ; 67                          ;
; stratixv_ram_block    ; 16                          ;
;                       ;                             ;
; Max LUT depth         ; 6.50                        ;
; Average LUT depth     ; 3.14                        ;
+-----------------------+-----------------------------+


+-------------------------------+
; Elapsed Time Per Partition    ;
+----------------+--------------+
; Partition Name ; Elapsed Time ;
+----------------+--------------+
; Top            ; 00:00:01     ;
+----------------+--------------+


+-------------------------------+
; Analysis & Synthesis Messages ;
+-------------------------------+
Info: *******************************************************************
Info: Running Quartus Prime Analysis & Synthesis
    Info: Version 23.1std.1 Build 993 05/14/2024 SC Lite Edition
    Info: Processing started: Fri Dec  6 04:53:27 2024
Info: Command: quartus_map --read_settings_files=on --write_settings_files=off lab8 -c lab7bonus_top
Info (16303): High Performance Effort optimization mode selected -- timing performance will be prioritized at the potential cost of increased compilation time
Warning (18236): Number of processors has not been specified which may cause overloading on shared machines.  Set the global assignment NUM_PARALLEL_PROCESSORS in your QSF to an appropriate value for best performance.
Info (20030): Parallel compilation is enabled and will use 4 of the 4 processors detected
Info (12021): Found 3 design units, including 3 entities, in source file lab7bonus_top.sv
    Info (12023): Found entity 1: lab7bonus_top File: C:/Users/Wardo/Documents/2025/CPEN211/Simple-Risc-Machine/lab7bonus_top.sv Line: 5
    Info (12023): Found entity 2: ram File: C:/Users/Wardo/Documents/2025/CPEN211/Simple-Risc-Machine/lab7bonus_top.sv Line: 35
    Info (12023): Found entity 3: disp File: C:/Users/Wardo/Documents/2025/CPEN211/Simple-Risc-Machine/lab7bonus_top.sv Line: 57
Info (12021): Found 1 design units, including 1 entities, in source file statemachine.sv
    Info (12023): Found entity 1: statemachine File: C:/Users/Wardo/Documents/2025/CPEN211/Simple-Risc-Machine/statemachine.sv Line: 9
Info (12021): Found 1 design units, including 1 entities, in source file shifter.sv
    Info (12023): Found entity 1: shifter File: C:/Users/Wardo/Documents/2025/CPEN211/Simple-Risc-Machine/shifter.sv Line: 1
Info (12021): Found 2 design units, including 2 entities, in source file regfile.sv
    Info (12023): Found entity 1: regfile File: C:/Users/Wardo/Documents/2025/CPEN211/Simple-Risc-Machine/regfile.sv Line: 1
    Info (12023): Found entity 2: register File: C:/Users/Wardo/Documents/2025/CPEN211/Simple-Risc-Machine/regfile.sv Line: 46
Info (12021): Found 1 design units, including 1 entities, in source file datapath.sv
    Info (12023): Found entity 1: datapath File: C:/Users/Wardo/Documents/2025/CPEN211/Simple-Risc-Machine/datapath.sv Line: 1
Info (12021): Found 1 design units, including 1 entities, in source file cpu.sv
    Info (12023): Found entity 1: cpu File: C:/Users/Wardo/Documents/2025/CPEN211/Simple-Risc-Machine/cpu.sv Line: 1
Info (12021): Found 1 design units, including 1 entities, in source file alu.sv
    Info (12023): Found entity 1: ALU File: C:/Users/Wardo/Documents/2025/CPEN211/Simple-Risc-Machine/alu.sv Line: 1
Warning (10236): Verilog HDL Implicit Net warning at lab7bonus_top.sv(18): created implicit net for "reset" File: C:/Users/Wardo/Documents/2025/CPEN211/Simple-Risc-Machine/lab7bonus_top.sv Line: 18
Info (12127): Elaborating entity "lab7bonus_top" for the top level hierarchy
Warning (10034): Output port "LEDR[9]" at lab7bonus_top.sv(10) has no driver File: C:/Users/Wardo/Documents/2025/CPEN211/Simple-Risc-Machine/lab7bonus_top.sv Line: 10
Warning (10034): Output port "LEDR[7..0]" at lab7bonus_top.sv(10) has no driver File: C:/Users/Wardo/Documents/2025/CPEN211/Simple-Risc-Machine/lab7bonus_top.sv Line: 10
Warning (10034): Output port "HEX5" at lab7bonus_top.sv(9) has no driver File: C:/Users/Wardo/Documents/2025/CPEN211/Simple-Risc-Machine/lab7bonus_top.sv Line: 9
Info (12128): Elaborating entity "ram" for hierarchy "ram:MEM" File: C:/Users/Wardo/Documents/2025/CPEN211/Simple-Risc-Machine/lab7bonus_top.sv Line: 17
Info (12128): Elaborating entity "cpu" for hierarchy "cpu:CPU" File: C:/Users/Wardo/Documents/2025/CPEN211/Simple-Risc-Machine/lab7bonus_top.sv Line: 18
Info (10264): Verilog HDL Case Statement information at cpu.sv(41): all case item expressions in this case statement are onehot File: C:/Users/Wardo/Documents/2025/CPEN211/Simple-Risc-Machine/cpu.sv Line: 41
Info (10264): Verilog HDL Case Statement information at cpu.sv(47): all case item expressions in this case statement are onehot File: C:/Users/Wardo/Documents/2025/CPEN211/Simple-Risc-Machine/cpu.sv Line: 47
Info (10264): Verilog HDL Case Statement information at cpu.sv(53): all case item expressions in this case statement are onehot File: C:/Users/Wardo/Documents/2025/CPEN211/Simple-Risc-Machine/cpu.sv Line: 53
Warning (10270): Verilog HDL Case Statement warning at cpu.sv(66): incomplete case statement has no default case item File: C:/Users/Wardo/Documents/2025/CPEN211/Simple-Risc-Machine/cpu.sv Line: 66
Warning (10230): Verilog HDL assignment warning at cpu.sv(86): truncated value with size 16 to match size of target (9) File: C:/Users/Wardo/Documents/2025/CPEN211/Simple-Risc-Machine/cpu.sv Line: 86
Warning (10230): Verilog HDL assignment warning at cpu.sv(91): truncated value with size 32 to match size of target (9) File: C:/Users/Wardo/Documents/2025/CPEN211/Simple-Risc-Machine/cpu.sv Line: 91
Info (12128): Elaborating entity "register" for hierarchy "cpu:CPU|register:U0" File: C:/Users/Wardo/Documents/2025/CPEN211/Simple-Risc-Machine/cpu.sv Line: 19
Info (12128): Elaborating entity "register" for hierarchy "cpu:CPU|register:U1" File: C:/Users/Wardo/Documents/2025/CPEN211/Simple-Risc-Machine/cpu.sv Line: 20
Info (12128): Elaborating entity "statemachine" for hierarchy "cpu:CPU|statemachine:FSM" File: C:/Users/Wardo/Documents/2025/CPEN211/Simple-Risc-Machine/cpu.sv Line: 25
Warning (10935): Verilog HDL Casex/Casez warning at statemachine.sv(119): casex/casez item expression overlaps with a previous casex/casez item expression File: C:/Users/Wardo/Documents/2025/CPEN211/Simple-Risc-Machine/statemachine.sv Line: 119
Warning (10935): Verilog HDL Casex/Casez warning at statemachine.sv(235): casex/casez item expression overlaps with a previous casex/casez item expression File: C:/Users/Wardo/Documents/2025/CPEN211/Simple-Risc-Machine/statemachine.sv Line: 235
Warning (10935): Verilog HDL Casex/Casez warning at statemachine.sv(237): casex/casez item expression overlaps with a previous casex/casez item expression File: C:/Users/Wardo/Documents/2025/CPEN211/Simple-Risc-Machine/statemachine.sv Line: 237
Info (12128): Elaborating entity "datapath" for hierarchy "cpu:CPU|datapath:DP" File: C:/Users/Wardo/Documents/2025/CPEN211/Simple-Risc-Machine/cpu.sv Line: 29
Info (12128): Elaborating entity "regfile" for hierarchy "cpu:CPU|datapath:DP|regfile:REGFILE" File: C:/Users/Wardo/Documents/2025/CPEN211/Simple-Risc-Machine/datapath.sv Line: 18
Info (12128): Elaborating entity "shifter" for hierarchy "cpu:CPU|datapath:DP|shifter:U0" File: C:/Users/Wardo/Documents/2025/CPEN211/Simple-Risc-Machine/datapath.sv Line: 19
Info (12128): Elaborating entity "ALU" for hierarchy "cpu:CPU|datapath:DP|ALU:U1" File: C:/Users/Wardo/Documents/2025/CPEN211/Simple-Risc-Machine/datapath.sv Line: 20
Info (12128): Elaborating entity "register" for hierarchy "cpu:CPU|datapath:DP|register:REG_S" File: C:/Users/Wardo/Documents/2025/CPEN211/Simple-Risc-Machine/datapath.sv Line: 25
Info (12128): Elaborating entity "disp" for hierarchy "disp:U0" File: C:/Users/Wardo/Documents/2025/CPEN211/Simple-Risc-Machine/lab7bonus_top.sv Line: 20
Warning (13046): Tri-state node(s) do not directly drive top-level pin(s)
    Warning (13049): Converted tri-state buffer "mem_data[0]" feeding internal logic into a wire File: C:/Users/Wardo/Documents/2025/CPEN211/Simple-Risc-Machine/lab7bonus_top.sv Line: 15
    Warning (13049): Converted tri-state buffer "mem_data[1]" feeding internal logic into a wire File: C:/Users/Wardo/Documents/2025/CPEN211/Simple-Risc-Machine/lab7bonus_top.sv Line: 15
    Warning (13049): Converted tri-state buffer "mem_data[2]" feeding internal logic into a wire File: C:/Users/Wardo/Documents/2025/CPEN211/Simple-Risc-Machine/lab7bonus_top.sv Line: 15
    Warning (13049): Converted tri-state buffer "mem_data[3]" feeding internal logic into a wire File: C:/Users/Wardo/Documents/2025/CPEN211/Simple-Risc-Machine/lab7bonus_top.sv Line: 15
    Warning (13049): Converted tri-state buffer "mem_data[4]" feeding internal logic into a wire File: C:/Users/Wardo/Documents/2025/CPEN211/Simple-Risc-Machine/lab7bonus_top.sv Line: 15
    Warning (13049): Converted tri-state buffer "mem_data[5]" feeding internal logic into a wire File: C:/Users/Wardo/Documents/2025/CPEN211/Simple-Risc-Machine/lab7bonus_top.sv Line: 15
    Warning (13049): Converted tri-state buffer "mem_data[6]" feeding internal logic into a wire File: C:/Users/Wardo/Documents/2025/CPEN211/Simple-Risc-Machine/lab7bonus_top.sv Line: 15
    Warning (13049): Converted tri-state buffer "mem_data[7]" feeding internal logic into a wire File: C:/Users/Wardo/Documents/2025/CPEN211/Simple-Risc-Machine/lab7bonus_top.sv Line: 15
    Warning (13049): Converted tri-state buffer "mem_data[8]" feeding internal logic into a wire File: C:/Users/Wardo/Documents/2025/CPEN211/Simple-Risc-Machine/lab7bonus_top.sv Line: 15
    Warning (13049): Converted tri-state buffer "mem_data[9]" feeding internal logic into a wire File: C:/Users/Wardo/Documents/2025/CPEN211/Simple-Risc-Machine/lab7bonus_top.sv Line: 15
    Warning (13049): Converted tri-state buffer "mem_data[10]" feeding internal logic into a wire File: C:/Users/Wardo/Documents/2025/CPEN211/Simple-Risc-Machine/lab7bonus_top.sv Line: 15
    Warning (13049): Converted tri-state buffer "mem_data[11]" feeding internal logic into a wire File: C:/Users/Wardo/Documents/2025/CPEN211/Simple-Risc-Machine/lab7bonus_top.sv Line: 15
    Warning (13049): Converted tri-state buffer "mem_data[12]" feeding internal logic into a wire File: C:/Users/Wardo/Documents/2025/CPEN211/Simple-Risc-Machine/lab7bonus_top.sv Line: 15
    Warning (13049): Converted tri-state buffer "mem_data[13]" feeding internal logic into a wire File: C:/Users/Wardo/Documents/2025/CPEN211/Simple-Risc-Machine/lab7bonus_top.sv Line: 15
    Warning (13049): Converted tri-state buffer "mem_data[14]" feeding internal logic into a wire File: C:/Users/Wardo/Documents/2025/CPEN211/Simple-Risc-Machine/lab7bonus_top.sv Line: 15
    Warning (13049): Converted tri-state buffer "mem_data[15]" feeding internal logic into a wire File: C:/Users/Wardo/Documents/2025/CPEN211/Simple-Risc-Machine/lab7bonus_top.sv Line: 15
    Warning (13049): Converted tri-state buffer "cpu:CPU|reg_b[0]" feeding internal logic into a wire File: C:/Users/Wardo/Documents/2025/CPEN211/Simple-Risc-Machine/cpu.sv Line: 16
    Warning (13049): Converted tri-state buffer "cpu:CPU|reg_b[1]" feeding internal logic into a wire File: C:/Users/Wardo/Documents/2025/CPEN211/Simple-Risc-Machine/cpu.sv Line: 16
    Warning (13049): Converted tri-state buffer "cpu:CPU|reg_b[2]" feeding internal logic into a wire File: C:/Users/Wardo/Documents/2025/CPEN211/Simple-Risc-Machine/cpu.sv Line: 16
    Warning (13049): Converted tri-state buffer "cpu:CPU|reg_a[0]" feeding internal logic into a wire File: C:/Users/Wardo/Documents/2025/CPEN211/Simple-Risc-Machine/cpu.sv Line: 16
    Warning (13049): Converted tri-state buffer "cpu:CPU|reg_a[1]" feeding internal logic into a wire File: C:/Users/Wardo/Documents/2025/CPEN211/Simple-Risc-Machine/cpu.sv Line: 16
    Warning (13049): Converted tri-state buffer "cpu:CPU|reg_a[2]" feeding internal logic into a wire File: C:/Users/Wardo/Documents/2025/CPEN211/Simple-Risc-Machine/cpu.sv Line: 16
    Warning (13049): Converted tri-state buffer "cpu:CPU|reg_w[0]" feeding internal logic into a wire File: C:/Users/Wardo/Documents/2025/CPEN211/Simple-Risc-Machine/cpu.sv Line: 16
    Warning (13049): Converted tri-state buffer "cpu:CPU|reg_w[1]" feeding internal logic into a wire File: C:/Users/Wardo/Documents/2025/CPEN211/Simple-Risc-Machine/cpu.sv Line: 16
    Warning (13049): Converted tri-state buffer "cpu:CPU|reg_w[2]" feeding internal logic into a wire File: C:/Users/Wardo/Documents/2025/CPEN211/Simple-Risc-Machine/cpu.sv Line: 16
    Warning (13049): Converted tri-state buffer "cpu:CPU|datapath:DP|data_in[0]" feeding internal logic into a wire File: C:/Users/Wardo/Documents/2025/CPEN211/Simple-Risc-Machine/datapath.sv Line: 16
    Warning (13049): Converted tri-state buffer "cpu:CPU|datapath:DP|data_in[1]" feeding internal logic into a wire File: C:/Users/Wardo/Documents/2025/CPEN211/Simple-Risc-Machine/datapath.sv Line: 16
    Warning (13049): Converted tri-state buffer "cpu:CPU|datapath:DP|data_in[2]" feeding internal logic into a wire File: C:/Users/Wardo/Documents/2025/CPEN211/Simple-Risc-Machine/datapath.sv Line: 16
    Warning (13049): Converted tri-state buffer "cpu:CPU|datapath:DP|data_in[3]" feeding internal logic into a wire File: C:/Users/Wardo/Documents/2025/CPEN211/Simple-Risc-Machine/datapath.sv Line: 16
    Warning (13049): Converted tri-state buffer "cpu:CPU|datapath:DP|data_in[4]" feeding internal logic into a wire File: C:/Users/Wardo/Documents/2025/CPEN211/Simple-Risc-Machine/datapath.sv Line: 16
    Warning (13049): Converted tri-state buffer "cpu:CPU|datapath:DP|data_in[5]" feeding internal logic into a wire File: C:/Users/Wardo/Documents/2025/CPEN211/Simple-Risc-Machine/datapath.sv Line: 16
    Warning (13049): Converted tri-state buffer "cpu:CPU|datapath:DP|data_in[6]" feeding internal logic into a wire File: C:/Users/Wardo/Documents/2025/CPEN211/Simple-Risc-Machine/datapath.sv Line: 16
    Warning (13049): Converted tri-state buffer "cpu:CPU|datapath:DP|data_in[7]" feeding internal logic into a wire File: C:/Users/Wardo/Documents/2025/CPEN211/Simple-Risc-Machine/datapath.sv Line: 16
    Warning (13049): Converted tri-state buffer "cpu:CPU|datapath:DP|data_in[8]" feeding internal logic into a wire File: C:/Users/Wardo/Documents/2025/CPEN211/Simple-Risc-Machine/datapath.sv Line: 16
    Warning (13049): Converted tri-state buffer "cpu:CPU|datapath:DP|data_in[9]" feeding internal logic into a wire File: C:/Users/Wardo/Documents/2025/CPEN211/Simple-Risc-Machine/datapath.sv Line: 16
    Warning (13049): Converted tri-state buffer "cpu:CPU|datapath:DP|data_in[10]" feeding internal logic into a wire File: C:/Users/Wardo/Documents/2025/CPEN211/Simple-Risc-Machine/datapath.sv Line: 16
    Warning (13049): Converted tri-state buffer "cpu:CPU|datapath:DP|data_in[11]" feeding internal logic into a wire File: C:/Users/Wardo/Documents/2025/CPEN211/Simple-Risc-Machine/datapath.sv Line: 16
    Warning (13049): Converted tri-state buffer "cpu:CPU|datapath:DP|data_in[12]" feeding internal logic into a wire File: C:/Users/Wardo/Documents/2025/CPEN211/Simple-Risc-Machine/datapath.sv Line: 16
    Warning (13049): Converted tri-state buffer "cpu:CPU|datapath:DP|data_in[13]" feeding internal logic into a wire File: C:/Users/Wardo/Documents/2025/CPEN211/Simple-Risc-Machine/datapath.sv Line: 16
    Warning (13049): Converted tri-state buffer "cpu:CPU|datapath:DP|data_in[14]" feeding internal logic into a wire File: C:/Users/Wardo/Documents/2025/CPEN211/Simple-Risc-Machine/datapath.sv Line: 16
    Warning (13049): Converted tri-state buffer "cpu:CPU|datapath:DP|data_in[15]" feeding internal logic into a wire File: C:/Users/Wardo/Documents/2025/CPEN211/Simple-Risc-Machine/datapath.sv Line: 16
Info (19000): Inferred 1 megafunctions from design logic
    Info (276029): Inferred altsyncram megafunction from the following design logic: "ram:MEM|mem_rtl_0" 
        Info (286033): Parameter OPERATION_MODE set to DUAL_PORT
        Info (286033): Parameter WIDTH_A set to 16
        Info (286033): Parameter WIDTHAD_A set to 8
        Info (286033): Parameter NUMWORDS_A set to 256
        Info (286033): Parameter WIDTH_B set to 16
        Info (286033): Parameter WIDTHAD_B set to 8
        Info (286033): Parameter NUMWORDS_B set to 256
        Info (286033): Parameter ADDRESS_ACLR_A set to NONE
        Info (286033): Parameter OUTDATA_REG_B set to UNREGISTERED
        Info (286033): Parameter ADDRESS_ACLR_B set to NONE
        Info (286033): Parameter OUTDATA_ACLR_B set to NONE
        Info (286033): Parameter ADDRESS_REG_B set to CLOCK0
        Info (286033): Parameter INDATA_ACLR_A set to NONE
        Info (286033): Parameter WRCONTROL_ACLR_A set to NONE
        Info (286033): Parameter INIT_FILE set to db/lab7bonus_top.ram0_ram_2f2e0d97.hdl.mif
        Info (286033): Parameter READ_DURING_WRITE_MODE_MIXED_PORTS set to OLD_DATA
Info (12130): Elaborated megafunction instantiation "ram:MEM|altsyncram:mem_rtl_0"
Info (12133): Instantiated megafunction "ram:MEM|altsyncram:mem_rtl_0" with the following parameter:
    Info (12134): Parameter "OPERATION_MODE" = "DUAL_PORT"
    Info (12134): Parameter "WIDTH_A" = "16"
    Info (12134): Parameter "WIDTHAD_A" = "8"
    Info (12134): Parameter "NUMWORDS_A" = "256"
    Info (12134): Parameter "WIDTH_B" = "16"
    Info (12134): Parameter "WIDTHAD_B" = "8"
    Info (12134): Parameter "NUMWORDS_B" = "256"
    Info (12134): Parameter "ADDRESS_ACLR_A" = "NONE"
    Info (12134): Parameter "OUTDATA_REG_B" = "UNREGISTERED"
    Info (12134): Parameter "ADDRESS_ACLR_B" = "NONE"
    Info (12134): Parameter "OUTDATA_ACLR_B" = "NONE"
    Info (12134): Parameter "ADDRESS_REG_B" = "CLOCK0"
    Info (12134): Parameter "INDATA_ACLR_A" = "NONE"
    Info (12134): Parameter "WRCONTROL_ACLR_A" = "NONE"
    Info (12134): Parameter "INIT_FILE" = "db/lab7bonus_top.ram0_ram_2f2e0d97.hdl.mif"
    Info (12134): Parameter "READ_DURING_WRITE_MODE_MIXED_PORTS" = "OLD_DATA"
Info (12021): Found 1 design units, including 1 entities, in source file db/altsyncram_vvr1.tdf
    Info (12023): Found entity 1: altsyncram_vvr1 File: C:/Users/Wardo/Documents/2025/CPEN211/Simple-Risc-Machine/db/altsyncram_vvr1.tdf Line: 28
Warning (13024): Output pins are stuck at VCC or GND
    Warning (13410): Pin "LEDR[0]" is stuck at GND File: C:/Users/Wardo/Documents/2025/CPEN211/Simple-Risc-Machine/lab7bonus_top.sv Line: 10
    Warning (13410): Pin "LEDR[1]" is stuck at GND File: C:/Users/Wardo/Documents/2025/CPEN211/Simple-Risc-Machine/lab7bonus_top.sv Line: 10
    Warning (13410): Pin "LEDR[2]" is stuck at GND File: C:/Users/Wardo/Documents/2025/CPEN211/Simple-Risc-Machine/lab7bonus_top.sv Line: 10
    Warning (13410): Pin "LEDR[3]" is stuck at GND File: C:/Users/Wardo/Documents/2025/CPEN211/Simple-Risc-Machine/lab7bonus_top.sv Line: 10
    Warning (13410): Pin "LEDR[4]" is stuck at GND File: C:/Users/Wardo/Documents/2025/CPEN211/Simple-Risc-Machine/lab7bonus_top.sv Line: 10
    Warning (13410): Pin "LEDR[5]" is stuck at GND File: C:/Users/Wardo/Documents/2025/CPEN211/Simple-Risc-Machine/lab7bonus_top.sv Line: 10
    Warning (13410): Pin "LEDR[6]" is stuck at GND File: C:/Users/Wardo/Documents/2025/CPEN211/Simple-Risc-Machine/lab7bonus_top.sv Line: 10
    Warning (13410): Pin "LEDR[7]" is stuck at GND File: C:/Users/Wardo/Documents/2025/CPEN211/Simple-Risc-Machine/lab7bonus_top.sv Line: 10
    Warning (13410): Pin "LEDR[9]" is stuck at GND File: C:/Users/Wardo/Documents/2025/CPEN211/Simple-Risc-Machine/lab7bonus_top.sv Line: 10
    Warning (13410): Pin "HEX5[0]" is stuck at GND File: C:/Users/Wardo/Documents/2025/CPEN211/Simple-Risc-Machine/lab7bonus_top.sv Line: 9
    Warning (13410): Pin "HEX5[1]" is stuck at GND File: C:/Users/Wardo/Documents/2025/CPEN211/Simple-Risc-Machine/lab7bonus_top.sv Line: 9
    Warning (13410): Pin "HEX5[2]" is stuck at GND File: C:/Users/Wardo/Documents/2025/CPEN211/Simple-Risc-Machine/lab7bonus_top.sv Line: 9
    Warning (13410): Pin "HEX5[3]" is stuck at GND File: C:/Users/Wardo/Documents/2025/CPEN211/Simple-Risc-Machine/lab7bonus_top.sv Line: 9
    Warning (13410): Pin "HEX5[4]" is stuck at GND File: C:/Users/Wardo/Documents/2025/CPEN211/Simple-Risc-Machine/lab7bonus_top.sv Line: 9
    Warning (13410): Pin "HEX5[5]" is stuck at GND File: C:/Users/Wardo/Documents/2025/CPEN211/Simple-Risc-Machine/lab7bonus_top.sv Line: 9
    Warning (13410): Pin "HEX5[6]" is stuck at GND File: C:/Users/Wardo/Documents/2025/CPEN211/Simple-Risc-Machine/lab7bonus_top.sv Line: 9
Info (286030): Timing-Driven Synthesis is running
Info (144001): Generated suppressed messages file C:/Users/Wardo/Documents/2025/CPEN211/Simple-Risc-Machine/output_files/lab7bonus_top.map.smsg
Info (16010): Generating hard_block partition "hard_block:auto_generated_inst"
    Info (16011): Adding 0 node(s), including 0 DDIO, 0 PLL, 0 transceiver and 0 LCELL
Warning (21074): Design contains 13 input pin(s) that do not drive logic
    Warning (15610): No output dependent on input pin "KEY[0]" File: C:/Users/Wardo/Documents/2025/CPEN211/Simple-Risc-Machine/lab7bonus_top.sv Line: 7
    Warning (15610): No output dependent on input pin "KEY[2]" File: C:/Users/Wardo/Documents/2025/CPEN211/Simple-Risc-Machine/lab7bonus_top.sv Line: 7
    Warning (15610): No output dependent on input pin "KEY[3]" File: C:/Users/Wardo/Documents/2025/CPEN211/Simple-Risc-Machine/lab7bonus_top.sv Line: 7
    Warning (15610): No output dependent on input pin "SW[0]" File: C:/Users/Wardo/Documents/2025/CPEN211/Simple-Risc-Machine/lab7bonus_top.sv Line: 8
    Warning (15610): No output dependent on input pin "SW[1]" File: C:/Users/Wardo/Documents/2025/CPEN211/Simple-Risc-Machine/lab7bonus_top.sv Line: 8
    Warning (15610): No output dependent on input pin "SW[2]" File: C:/Users/Wardo/Documents/2025/CPEN211/Simple-Risc-Machine/lab7bonus_top.sv Line: 8
    Warning (15610): No output dependent on input pin "SW[3]" File: C:/Users/Wardo/Documents/2025/CPEN211/Simple-Risc-Machine/lab7bonus_top.sv Line: 8
    Warning (15610): No output dependent on input pin "SW[4]" File: C:/Users/Wardo/Documents/2025/CPEN211/Simple-Risc-Machine/lab7bonus_top.sv Line: 8
    Warning (15610): No output dependent on input pin "SW[5]" File: C:/Users/Wardo/Documents/2025/CPEN211/Simple-Risc-Machine/lab7bonus_top.sv Line: 8
    Warning (15610): No output dependent on input pin "SW[6]" File: C:/Users/Wardo/Documents/2025/CPEN211/Simple-Risc-Machine/lab7bonus_top.sv Line: 8
    Warning (15610): No output dependent on input pin "SW[7]" File: C:/Users/Wardo/Documents/2025/CPEN211/Simple-Risc-Machine/lab7bonus_top.sv Line: 8
    Warning (15610): No output dependent on input pin "SW[8]" File: C:/Users/Wardo/Documents/2025/CPEN211/Simple-Risc-Machine/lab7bonus_top.sv Line: 8
    Warning (15610): No output dependent on input pin "SW[9]" File: C:/Users/Wardo/Documents/2025/CPEN211/Simple-Risc-Machine/lab7bonus_top.sv Line: 8
Info (21057): Implemented 593 device resources after synthesis - the final resource count might be different
    Info (21058): Implemented 15 input pins
    Info (21059): Implemented 52 output pins
    Info (21061): Implemented 510 logic cells
    Info (21064): Implemented 16 RAM segments
Info: Quartus Prime Analysis & Synthesis was successful. 0 errors, 84 warnings
    Info: Peak virtual memory: 4843 megabytes
    Info: Processing ended: Fri Dec  6 04:53:37 2024
    Info: Elapsed time: 00:00:10
    Info: Total CPU time (on all processors): 00:00:21


+------------------------------------------+
; Analysis & Synthesis Suppressed Messages ;
+------------------------------------------+
The suppressed messages can be found in C:/Users/Wardo/Documents/2025/CPEN211/Simple-Risc-Machine/output_files/lab7bonus_top.map.smsg.


